<?xml version="1.0" encoding="UTF-8"?>
<!-- Generated by org.testng.reporters.JUnitReportReporter -->
<testsuite hostname="SHUKLA" failures="0" tests="1" name="TestCases.VerifySignUp" time="15.185" errors="0" timestamp="2024-06-15T20:03:00 IST" skipped="0">
  <testcase classname="TestCases.VerifySignUp" name="SignUp" time="15.185"/>
  <system-out/>
</testsuite> <!-- TestCases.VerifySignUp -->
